in-my
policies
anna
chinese
vs
selection
focus
architecture
wait
weather
contact-the
method
searching
are
listed
rest
of-my
believe
former
werd
1926
right-to
aiuto
programming
alex
voice
anonymous
dess
addition
cut
order-to
qual
tax
graphics
youtube
pacific
jim
looking-for
beyond
ready
unique
postal
needed
sciences
fair
band
multi
statement
test
held
child
supported
cross
rules
multiple
hands
bring
core
1918
releases
grant
active
period
authors
republic
into
student
1937
brian
records
3rd
in-other
industrial
district
option
beauty
none
distribute
italia
selected
end-of
hp
in-some
hello
nano
1938
it-and
translations
feature
1800
sea
manage
bob
going-to
parts
image
1941
125
studies
get-a
allow
cancel
after-the
appeared
weekly
warianty
orders
przestrzenie
progress
wordpress
older
communities
the-only
opera
estate
easy-to
western
running
stand
sections
god
chung
political
are-in
six
pixels
holder
screen
pack
the-terms
coming
brown
nice
sq
applies
zasady
in-order
journals
or-a
in-to
2nd
behind
hidden
the-end
atual
for-any
century
130
mean
using-the
students
cinema
membership
activities
inclusive
desktop
mine
risk
matter
printing
speed
someone
universal
traditional
fashion
actual
construction
although
eric
actually
bio
like-to
movies
uses
to-an
was-the
the-next
partners
sharing
taking
główna
record
heart
originally
the-latest
pierre
strony
werden
built
incase
studio
flickr
ch
pay
and-then
199
clauze
reusing
specified
ie
discuss
149
charges
andrew
million
overview
existing
historial
in-an
politics
in-ra
900
and-you
to-go
county
for-you
favorite
visual
contra
henry
norte
skip-to
allows
devices
latin
perubahan
airport
germany
indir
reply
moving
individual
benefits
1936
photography
cable
companies
in-one
custom
versión
response
to-our
corelate
ships
cost
dell
dimensions
not-in
rather
awards
came
the-original
received
1944
dev
participare
photoshop
half
1923
electronic
a-comment
study
pop
identice
kingdom
mars
when-the
outside
doing
link-to
knowledge
scott
submit
1951
interested
references
museum
force
the-file
fine
moment
profit
around-the
1947
lee
carlos
during-the
hall
university-of
manager
a-good
certain
a-lot
topic
happy
fan
700
jack
trade
beta
a-little
1900
engineering
turn
welcome-to
sunting
tim
utama
furlan
1939
manner
not-a
1953
town
and-its
steve
writing
itself
to-take
minutes
alternative
cannot
russian
continue
usb
wide
thank
1955
independent
contest
strong
get-the
oficial
smith
port
to-help
storage
a-great
classifieds
distribuire
result
frank
table
the-way
took
view-the
fire
across
1954
device
lost
protection
credit
reason
mary
higher
favor
documents
stuff
volunteer
sent
error
contents
for-all
professional
channel
relations
and-that
almost
max
free-to
1946
production
solo
oluştur
nothing
pada
retail
istoric
cards
entire
buying
the-time
detta
1957
move
110
history-of
inside
1958
recently
among
access-to
death
yapın
for-this
grand
anything
to-create
hình
hd
the-us
stop
definition
longer
anti
kids
materials
seen
1952
thought
worldwide
of-these
platform
join-the
kind
middle
deals
led
alte
length
idea
version-of
england
all-of
bs
choice
reading
sk
industry
currently
british
especially
provides
1959
easily
director
department
started
and-may
movie
function
programs
updates
player
meet
work-in
fact
particular
lists
christian
bag
1949
probably
і
areas
region
drive
advice
c5
weeks
mike
nas
won
acest
says
mexico
and-or
usage-the
mind
africa
pour
wikinews
simply
instead
it-to
and-in
provided
momento
island
the-last
sun
tech
nature
feel
publishing
european
super
1956
multimedia
modify
pictures
california
marketing
of-their
organization
modificare
takes
earth
and-to
în
act
ways
else
but-the
have-the
linux
min
gives
to-find
guidelines
gov
sound
brand
1948
express
capital
specific
todo
quick
templates
wish
thanks
perfect
see-the
ideas
1963
energy
analysis
further
magazine
1930
issue
clear
fall
notes
hope
cases
civil
amazon
entry
dvd
union
road
performance
1962
choose
stay
answers
contains
federal
saint
chris
head
range
1966
along
faqs
garden
resolution
up-for
medical
be-the
whole
third
commercial
1940
due
efter
was-a
joseph
near
101
you-to
face
1961
doesn
hardware
modern
body
1920
comes
subscribe-to
daily
ip
way-to
wikiquote
reports
purchase
maps
by-a
yahoo
released
publications
app
at-a
francisco
five
association
paris
president
him
portugal
everything
various
environment
tell
used-to
other_versions
make-a
living
women
wireless
staff
watch
through-the
and-is
extra
german
the-work
some-of
college
1965
the-other
is-to
everyone
finns
communications
event
flag
classic
to-share
bill
prices
of-an
words
volume
given
friend
the-copyright
extras
species
institute
though
gallery
dock
seguintes
lot
receive
enough
pogledajte
featured
fast
often
in-any
newsletter
calendar
according-to
young
upgrade
training
the-free
paid
generation
180
planning
departments
designed
namespace
santa
wikibooks
until
skip
according
of-our
notice
culture
purpose
files
india
private
tom
yes
stories
1964
included
age
society
disclaimer
connect
directly
king
editor
if-the
thing
done
cd
reference
delivery
example
offer
early
natural
course
over-the
she
japan
applications
exclusive
and-i
dec
cover
hot
places
adobe
party
asia
park
interesting
market
calling
board
needs
daniel
summer
room
paper
means
major
otherwise
have-to
javascript
together
called
blue
problem
server
star
picture
microsoft
labs
financial
1969
present
bad
test
livejournal
to-see
are-the
groups
advertising
1971
water
logo
number-of
useful
away
card
children
feed
fun
tour
or-the
forgot
ipa
time-to
application
options
answer
write
issues
several
developers
sport
property
direct
human
has-a
french
topics
whether
night
dpi
building
basılmaya
abuse
salt
ten
sure
club
be-a
ever
having
edition
getting
car
a-book
1968
ask
good-to
feedback
format
dictionary
shows
asked
63
request
for-your
street
key
against
shipping
1950
1973
position
and-it
front
common
limited
field
of-all
to-have
four
able-to
use-the
involved
bit
game
browser
arts
rock
the-apple
charles
either
alati
east
virtual
hand
names
includes
phone
stranica
anyone
fiji
model
blogs
licensed
document
leave
chat
powered
of-service
job
story
low
value
gifts
base
got
1977
light
scots
class
able
sort
makes
sites
written
mini
the-author
might
technical
shopping
include
items-in
months
provide
genom
always
future
washington
europe
once
china
entertainment
really
going
action
systems
build
looking
term
single
least
complete
france
external
release
mit
basic
upon
green
settings
a-few
to-do
back-to
1983
important
1976
and-more
grande
working
something
summary
color
hard
person
the-right
however
collection
hours
australia
normal
material
offers
william
posts
the-united
experience
tutorials
downloads
london
pre
play
final
username
short
display
thomas
already
others
track
bg
saved
shown
videos
iso
auto
feeds
side
the-day
need-to
maria
less
become
richard
explore
above
database
users
yeni
martin
team
reviews
george
style
taken
series
autor
flash
to-mac
word
far
touch
previous
unless
things
safety
era
to-view
entries
languages
welcome
management
process
control
left
door
money
yet
plan
making
1986
second
europa
camera
point
quality
message
tips
pod
remember
section
profile
save
to-make
food
accessories
copy
list-of
posted
say
in-linkedin
the-best
guides
directory-a
pixel
library
price
sub
peter
advanced
update
canada
up-to
standard
said
archives
from-a
past
send
bar
self
updated
sin
export
america
usage
space
customer
keep
of-your
php
payment
exporteren
is-in
put
network
subject
new-to
licensing
downloaden
computer
out-of
journal
92
organisatie
never
possible
north
interest
1970
countries
similar
in-this
1988
laatst
known
different
access
official
a1
created
creare
added
think
easy
lezen
line
sports
june
for-more
donaties
and-other
ago
required
copyleft
mark
july
buy
science
october
methods
black
sitemap
james
advertise
encyclopedie
register
isbn
1989
overleg
have-a
big
bestand
level
versie
licentie
box
artigos
nāhuatl
toepassing
during
the-new
enter
call
use-of
datum
let
forum
st
to-get
into-the
film
wikis
three
to-know
close
a9
want-to
cart
how-to
march
since
to-your
south
subscribe
politica
title
another
robert
red
linkedin
wikisource
pc
care
little
the-most
too
size
create-a
tag
the-public
friends
mesma
research
met
menu
products
month
report
that-the
health
loading
end
government
1993
both
company
template
all-the
archive
sales
look
review
white
michael
again
within
latest
give
program
travel
air
every
university
technology
to-use
war
could
about-the
small
center
why
books
the-first
week
power
features
radio
law
around
meer
published
later
did
try
question
house
much
projects
including
photos
select
between
photo
better
donate
а
return
love
agreement
audio
development
learning
results
gift
land
down
tags
password
office
a-new
case
paul
group
american
as-the
plus
off
in-your
being
social
still
feb
items
to-this
product
dan
times
one-of
each
jobs
id
pro
articles
york
those
school
the-same
family
games
corporation
part-of
cite
address
then
events
net
january
and-a
below
1997
the-world
permission
security
real
his
var
jan
legal
august
creativecommons
had
local
david
start
design
follow
google
while
must
come
days
location
art
found
tv
windows
article
works
place
usa
note
west
even
very
upload
april
before
press
take
facebook
index
form
faq
random
checkout
login
same
learn
were
false
total
national
brasil
long
want
с
via
music
number
printable
men
does
would
years
itunes
because
the-following
ipod
february
documentation
old
show
twitter
high
to-a
them
based
need
as-a
many
through
without
man
live
on-a
mail
ipad
licenses
should
city
states
mobile
categories
digital
well
96
such
images
wikipedias
dos
where
great
conditions
noutras
set
non
disclaimers
questions
system
type
gnu
jawa
ou
resources
year
november
education
info
december
toolbox
september
services
own
next
is-the
comment
original
current
member
after
for-a
project
download
with-a
book
state
united
die
right
sign-in
domain
go
post
john
browse
order
check
directory
apple
code
two
iphone
using
bilder
namespaces
jpeg
in-a
wikimedias
open
made
of-this
global
print
members
best
language
following
know
international
popular
full
add
central
retrieved
son
modified
of-a
shop
comments
in-create
used
website
part
personliga
good
content
visa
to-be
mac
way
list
2002
internet
than
these
talk
true
to-navigation
reserved
general
at-the
just
per
make
find
jpg
status
into
winaray
aragonés
os
edit
till
today
discussion
html
change
changes
with-the
by-the
who
views
business
their
been
categoria
like
join
online
email
description
blog
jump-to
some
when
estaleiro
top
store
media
day
click
video
service
jump
uk
please
pages
main
author
afrikaans
its
web
rights
data
country
name
tools
hit
most
is-a
first
they
life
category
only
pesquisa
variants
personal
software
and-the
páginas
wiktionary
for-the
related
date
log-in
how
sign
actions
navigation
special
out
recent
from-the
wikipédia
which
our
me
so
there
principal
community
world
read
will
public
any
file
over
ver
use-for
news
support
we
work
bosanski
unported
also
source
for-details
get
my
but
on-the
people
latina
time
foundation
has
to-the
up
history
the-creative
if
create
permanent
para
have
now
additional
last
log
apply
one
here
under-the
irc
image
site
can
account
user
details
other
free
2006
available
not
of-use
in-the
us
was
that
help
simple
www
contact
information
portal
view
what
page
links
copyright
policy
search
your
you
wikimedia
terms-of
version
new
are
link
see
home
indonesia
may
privacy
or
com
with
da
license
about
all
of-the
more
terms
text
no
under
from
use
this
as
en
pdf
on
and
attribution
share
for
to
deutsch
is
by
the
of
2010
creative
commons
in
english
wikipedia
wiki
org
http
